<?xml version="1.0" encoding="UTF-8"?>
<coverage generated="1557691069851" clover="3.2.0">
  <project timestamp="1557691069852" name="All files">
    <metrics statements="118" coveredstatements="114" conditionals="24" coveredconditionals="19" methods="61" coveredmethods="58" elements="203" coveredelements="191" complexity="0" loc="118" ncloc="118" packages="1" files="2" classes="2"/>
    <file name="index.ts" path="/Users/marc/w/validation-ts/src/index.ts">
      <metrics statements="114" coveredstatements="111" conditionals="22" coveredconditionals="18" methods="58" coveredmethods="56"/>
      <line num="1" count="1" type="stmt"/>
      <line num="3" count="1" type="cond" truecount="2" falsecount="0"/>
      <line num="4" count="1" type="stmt"/>
      <line num="5" count="1" type="stmt"/>
      <line num="30" count="1" type="stmt"/>
      <line num="31" count="72" type="stmt"/>
      <line num="36" count="72" type="stmt"/>
      <line num="39" count="1" type="stmt"/>
      <line num="40" count="51" type="stmt"/>
      <line num="43" count="1" type="stmt"/>
      <line num="44" count="1" type="stmt"/>
      <line num="47" count="1" type="stmt"/>
      <line num="48" count="26" type="stmt"/>
      <line num="51" count="1" type="stmt"/>
      <line num="52" count="2" type="stmt"/>
      <line num="55" count="1" type="stmt"/>
      <line num="56" count="2" type="stmt"/>
      <line num="59" count="1" type="stmt"/>
      <line num="60" count="2" type="stmt"/>
      <line num="63" count="1" type="stmt"/>
      <line num="64" count="1" type="stmt"/>
      <line num="67" count="1" type="stmt"/>
      <line num="68" count="1" type="stmt"/>
      <line num="71" count="1" type="stmt"/>
      <line num="72" count="2" type="stmt"/>
      <line num="75" count="1" type="stmt"/>
      <line num="76" count="4" type="stmt"/>
      <line num="79" count="1" type="stmt"/>
      <line num="80" count="2" type="stmt"/>
      <line num="83" count="1" type="stmt"/>
      <line num="84" count="8" type="stmt"/>
      <line num="86" count="1" type="stmt"/>
      <line num="88" count="1" type="stmt"/>
      <line num="89" count="114" type="stmt"/>
      <line num="95" count="114" type="cond" truecount="1" falsecount="1"/>
      <line num="96" count="0" type="stmt"/>
      <line num="98" count="114" type="stmt"/>
      <line num="99" count="114" type="stmt"/>
      <line num="102" count="1" type="stmt"/>
      <line num="103" count="98" type="stmt"/>
      <line num="106" count="1" type="stmt"/>
      <line num="107" count="1" type="stmt"/>
      <line num="110" count="1" type="stmt"/>
      <line num="111" count="56" type="stmt"/>
      <line num="114" count="1" type="stmt"/>
      <line num="115" count="2" type="stmt"/>
      <line num="118" count="1" type="stmt"/>
      <line num="119" count="1" type="stmt"/>
      <line num="122" count="1" type="stmt"/>
      <line num="123" count="2" type="stmt"/>
      <line num="126" count="1" type="stmt"/>
      <line num="127" count="2" type="stmt"/>
      <line num="130" count="1" type="stmt"/>
      <line num="131" count="1" type="stmt"/>
      <line num="134" count="1" type="stmt"/>
      <line num="135" count="2" type="stmt"/>
      <line num="138" count="1" type="stmt"/>
      <line num="139" count="3" type="stmt"/>
      <line num="142" count="1" type="stmt"/>
      <line num="143" count="2" type="stmt"/>
      <line num="146" count="1" type="stmt"/>
      <line num="147" count="3" type="stmt"/>
      <line num="149" count="1" type="stmt"/>
      <line num="151" count="72" type="stmt"/>
      <line num="155" count="114" type="stmt"/>
      <line num="159" count="1" type="stmt"/>
      <line num="160" count="0" type="stmt"/>
      <line num="163" count="1" type="stmt"/>
      <line num="164" count="0" type="stmt"/>
      <line num="167" count="4" type="stmt"/>
      <line num="175" count="1" type="stmt"/>
      <line num="179" count="56" type="stmt"/>
      <line num="184" count="56" type="stmt"/>
      <line num="189" count="1" type="stmt"/>
      <line num="193" count="52" type="stmt"/>
      <line num="194" count="52" type="cond" truecount="2" falsecount="0"/>
      <line num="195" count="52" type="stmt"/>
      <line num="202" count="52" type="stmt"/>
      <line num="207" count="1" type="stmt"/>
      <line num="211" count="4" type="stmt"/>
      <line num="216" count="4" type="stmt"/>
      <line num="221" count="1" type="stmt"/>
      <line num="225" count="4" type="stmt"/>
      <line num="226" count="4" type="cond" truecount="2" falsecount="0"/>
      <line num="227" count="4" type="stmt"/>
      <line num="234" count="4" type="stmt"/>
      <line num="239" count="1" type="stmt"/>
      <line num="243" count="3" type="stmt"/>
      <line num="244" count="3" type="stmt"/>
      <line num="245" count="3" type="stmt"/>
      <line num="247" count="3" type="stmt"/>
      <line num="252" count="1" type="stmt"/>
      <line num="257" count="2" type="stmt"/>
      <line num="262" count="2" type="stmt"/>
      <line num="271" count="1" type="stmt"/>
      <line num="275" count="44" type="stmt"/>
      <line num="276" count="44" type="stmt"/>
      <line num="277" count="19" type="stmt"/>
      <line num="278" count="25" type="stmt"/>
      <line num="280" count="44" type="stmt"/>
      <line num="282" count="44" type="stmt"/>
      <line num="287" count="1" type="stmt"/>
      <line num="291" count="7" type="stmt"/>
      <line num="292" count="14" type="stmt"/>
      <line num="294" count="7" type="stmt"/>
      <line num="299" count="1" type="stmt"/>
      <line num="303" count="26" type="stmt"/>
      <line num="306" count="26" type="stmt"/>
      <line num="311" count="1" type="stmt"/>
      <line num="315" count="11" type="stmt"/>
      <line num="316" count="22" type="stmt"/>
      <line num="318" count="11" type="stmt"/>
      <line num="321" count="1" type="stmt"/>
      <line num="342" count="1" type="stmt"/>
    </file>
    <file name="utils.ts" path="/Users/marc/w/validation-ts/src/utils.ts">
      <metrics statements="4" coveredstatements="3" conditionals="2" coveredconditionals="1" methods="3" coveredmethods="2"/>
      <line num="1" count="1" type="stmt"/>
      <line num="4" count="209" type="stmt"/>
      <line num="6" count="0" type="cond" truecount="1" falsecount="1"/>
      <line num="10" count="19" type="stmt"/>
    </file>
  </project>
</coverage>
