TN:
SF:/Users/marc/w/validation-ts/src/index.ts
FN:3,(anonymous_0)
FN:30,(anonymous_1)
FN:35,Valid
FN:39,(anonymous_3)
FN:43,(anonymous_4)
FN:47,(anonymous_5)
FN:51,(anonymous_6)
FN:55,(anonymous_7)
FN:59,(anonymous_8)
FN:63,(anonymous_9)
FN:67,(anonymous_10)
FN:71,(anonymous_11)
FN:75,(anonymous_12)
FN:79,(anonymous_13)
FN:83,(anonymous_14)
FN:88,(anonymous_15)
FN:94,Invalid
FN:102,(anonymous_17)
FN:106,(anonymous_18)
FN:110,(anonymous_19)
FN:114,(anonymous_20)
FN:118,(anonymous_21)
FN:122,(anonymous_22)
FN:126,(anonymous_23)
FN:130,(anonymous_24)
FN:134,(anonymous_25)
FN:138,(anonymous_26)
FN:142,(anonymous_27)
FN:146,(anonymous_28)
FN:151,(anonymous_29)
FN:155,(anonymous_30)
FN:159,isValid
FN:163,isInvalid
FN:167,(anonymous_33)
FN:175,errorsOr
FN:179,(anonymous_35)
FN:189,concat
FN:193,(anonymous_37)
FN:207,map
FN:211,(anonymous_39)
FN:221,ap
FN:225,(anonymous_41)
FN:239,chain
FN:243,(anonymous_43)
FN:252,fold
FN:257,(anonymous_45)
FN:271,validateEither
FN:275,(anonymous_47)
FN:277,(anonymous_48)
FN:278,(anonymous_49)
FN:287,validateEitherList
FN:291,(anonymous_51)
FN:292,(anonymous_52)
FN:299,validate
FN:303,(anonymous_54)
FN:311,validateAll
FN:315,(anonymous_56)
FN:316,(anonymous_57)
FNF:58
FNH:56
FNDA:1,(anonymous_0)
FNDA:1,(anonymous_1)
FNDA:72,Valid
FNDA:51,(anonymous_3)
FNDA:1,(anonymous_4)
FNDA:26,(anonymous_5)
FNDA:2,(anonymous_6)
FNDA:2,(anonymous_7)
FNDA:2,(anonymous_8)
FNDA:1,(anonymous_9)
FNDA:1,(anonymous_10)
FNDA:2,(anonymous_11)
FNDA:4,(anonymous_12)
FNDA:2,(anonymous_13)
FNDA:8,(anonymous_14)
FNDA:1,(anonymous_15)
FNDA:114,Invalid
FNDA:98,(anonymous_17)
FNDA:1,(anonymous_18)
FNDA:56,(anonymous_19)
FNDA:2,(anonymous_20)
FNDA:1,(anonymous_21)
FNDA:2,(anonymous_22)
FNDA:2,(anonymous_23)
FNDA:1,(anonymous_24)
FNDA:2,(anonymous_25)
FNDA:3,(anonymous_26)
FNDA:2,(anonymous_27)
FNDA:3,(anonymous_28)
FNDA:72,(anonymous_29)
FNDA:114,(anonymous_30)
FNDA:0,isValid
FNDA:0,isInvalid
FNDA:4,(anonymous_33)
FNDA:56,errorsOr
FNDA:56,(anonymous_35)
FNDA:52,concat
FNDA:52,(anonymous_37)
FNDA:4,map
FNDA:4,(anonymous_39)
FNDA:4,ap
FNDA:4,(anonymous_41)
FNDA:3,chain
FNDA:3,(anonymous_43)
FNDA:2,fold
FNDA:2,(anonymous_45)
FNDA:44,validateEither
FNDA:44,(anonymous_47)
FNDA:19,(anonymous_48)
FNDA:25,(anonymous_49)
FNDA:7,validateEitherList
FNDA:7,(anonymous_51)
FNDA:14,(anonymous_52)
FNDA:26,validate
FNDA:26,(anonymous_54)
FNDA:11,validateAll
FNDA:11,(anonymous_56)
FNDA:22,(anonymous_57)
DA:1,1
DA:3,1
DA:4,1
DA:5,1
DA:30,1
DA:31,72
DA:36,72
DA:39,1
DA:40,51
DA:43,1
DA:44,1
DA:47,1
DA:48,26
DA:51,1
DA:52,2
DA:55,1
DA:56,2
DA:59,1
DA:60,2
DA:63,1
DA:64,1
DA:67,1
DA:68,1
DA:71,1
DA:72,2
DA:75,1
DA:76,4
DA:79,1
DA:80,2
DA:83,1
DA:84,8
DA:86,1
DA:88,1
DA:89,114
DA:95,114
DA:96,0
DA:98,114
DA:99,114
DA:102,1
DA:103,98
DA:106,1
DA:107,1
DA:110,1
DA:111,56
DA:114,1
DA:115,2
DA:118,1
DA:119,1
DA:122,1
DA:123,2
DA:126,1
DA:127,2
DA:130,1
DA:131,1
DA:134,1
DA:135,2
DA:138,1
DA:139,3
DA:142,1
DA:143,2
DA:146,1
DA:147,3
DA:149,1
DA:151,72
DA:155,114
DA:159,1
DA:160,0
DA:163,1
DA:164,0
DA:167,4
DA:175,1
DA:179,56
DA:184,56
DA:189,1
DA:193,52
DA:194,52
DA:195,52
DA:202,52
DA:207,1
DA:211,4
DA:216,4
DA:221,1
DA:225,4
DA:226,4
DA:227,4
DA:234,4
DA:239,1
DA:243,3
DA:244,3
DA:245,3
DA:247,3
DA:252,1
DA:257,2
DA:262,2
DA:271,1
DA:275,44
DA:276,44
DA:277,19
DA:278,25
DA:280,44
DA:282,44
DA:287,1
DA:291,7
DA:292,14
DA:294,7
DA:299,1
DA:303,26
DA:306,26
DA:311,1
DA:315,11
DA:316,22
DA:318,11
DA:321,1
DA:342,1
LF:114
LH:111
BRDA:3,0,0,1
BRDA:3,0,1,1
BRDA:95,1,0,0
BRDA:95,1,1,114
BRDA:169,2,0,0
BRDA:169,2,1,4
BRDA:168,3,0,4
BRDA:168,3,1,0
BRDA:181,4,0,0
BRDA:181,4,1,56
BRDA:194,5,0,52
BRDA:194,5,1,27
BRDA:196,6,0,16
BRDA:196,6,1,36
BRDA:213,7,0,3
BRDA:213,7,1,1
BRDA:226,8,0,4
BRDA:226,8,1,2
BRDA:228,9,0,1
BRDA:228,9,1,3
BRDA:259,10,0,1
BRDA:259,10,1,1
BRF:22
BRH:18
end_of_record
TN:
SF:/Users/marc/w/validation-ts/src/utils.ts
FN:1,(anonymous_0)
FN:6,(anonymous_1)
FN:10,(anonymous_2)
FNF:3
FNH:2
FNDA:209,(anonymous_0)
FNDA:0,(anonymous_1)
FNDA:19,(anonymous_2)
DA:1,1
DA:4,209
DA:6,0
DA:10,19
LF:4
LH:3
BRDA:6,0,0,0
BRDA:6,0,1,209
BRF:2
BRH:1
end_of_record
